<?xml version="1.0" encoding="UTF-8"?>
<!-- Generated by org.testng.reporters.JUnitReportReporter -->
<testsuite skipped="0" hostname="DESKTOP-VLK9PMB" name="test.ListCustomerTest" tests="1" failures="0" timestamp="2022-07-19T01:58:20 CDT" time="13.343" errors="0">
  <testcase name="validUserShouldBeAbleToAddCustomerFromListCustomer" time="13.343" classname="test.ListCustomerTest"/>
  <system-out/>
</testsuite> <!-- test.ListCustomerTest -->
