<?xml version="1.0" encoding="UTF-8"?>
<!-- Generated by org.testng.reporters.JUnitReportReporter -->
<testsuite skipped="0" hostname="DESKTOP-VLK9PMB" name="test.LoginTest" tests="1" failures="0" timestamp="2022-07-13T03:22:28 CDT" time="16.824" errors="0">
  <testcase name="vllidUserShouldBeAbleToLogin" time="16.824" classname="test.LoginTest"/>
  <system-out/>
</testsuite> <!-- test.LoginTest -->
